[2025-07-08 11:19:23] uvicorn.error:318 INFO    - Will watch for changes in these directories: ['D:\\Programming\\Projects\\Reservio\\backend\\app']
[2025-07-08 11:19:23] uvicorn.error:524 INFO    - Uvicorn running on http://127.0.0.1:8000 (Press CTRL+C to quit)
[2025-07-08 11:19:23] uvicorn.error:80 INFO    - Started reloader process [21888] using WatchFiles
[2025-07-08 11:19:24] uvicorn.error:83 INFO    - Started server process [10132]
[2025-07-08 11:19:24] uvicorn.error:48 INFO    - Waiting for application startup.
[2025-07-08 11:19:24] uvicorn.error:62 INFO    - Application startup complete.
[2025-07-08 11:19:24] root:25 INFO    - GET http://127.0.0.1:8000/docs - 200 - 0.29ms
[2025-07-08 11:19:24] root:25 INFO    - GET http://127.0.0.1:8000/openapi.json - 200 - 9.60ms
[2025-07-08 11:19:28] root:25 INFO    - GET http://127.0.0.1:8000/ping - 200 - 0.22ms
[2025-07-08 11:19:28] root:25 INFO    - GET http://127.0.0.1:8000/ping - 200 - 0.21ms
[2025-07-08 11:19:53] uvicorn.error:55 WARNING - WatchFiles detected changes in 'logger\log_config.py'. Reloading...
[2025-07-08 11:19:53] uvicorn.error:263 INFO    - Shutting down
[2025-07-08 11:19:53] uvicorn.error:67 INFO    - Waiting for application shutdown.
[2025-07-08 11:19:53] uvicorn.error:76 INFO    - Application shutdown complete.
[2025-07-08 11:19:53] uvicorn.error:93 INFO    - Finished server process [10132]
[2025-07-08 11:20:00] uvicorn.error:55 WARNING - WatchFiles detected changes in 'logger\log_config.py'. Reloading...
[2025-07-08 11:20:01] uvicorn.error:83 INFO    - Started server process [25064]
[2025-07-08 11:20:01] uvicorn.error:48 INFO    - Waiting for application startup.
[2025-07-08 11:20:01] uvicorn.error:62 INFO    - Application startup complete.
[2025-07-08 11:20:02] uvicorn.error:55 WARNING - WatchFiles detected changes in 'logger\log_config.py'. Reloading...
[2025-07-08 11:20:02] uvicorn.error:263 INFO    - Shutting down
[2025-07-08 11:20:02] uvicorn.error:67 INFO    - Waiting for application shutdown.
[2025-07-08 11:20:02] uvicorn.error:76 INFO    - Application shutdown complete.
[2025-07-08 11:20:02] uvicorn.error:93 INFO    - Finished server process [25064]
[2025-07-08 11:20:03] uvicorn.error:83 INFO    - Started server process [12624]
[2025-07-08 11:20:03] uvicorn.error:48 INFO    - Waiting for application startup.
[2025-07-08 11:20:03] uvicorn.error:62 INFO    - Application startup complete.
[2025-07-08 11:20:11] uvicorn.error:55 WARNING - WatchFiles detected changes in 'logger\log_config.py'. Reloading...
[2025-07-08 11:20:11] uvicorn.error:263 INFO    - Shutting down
[2025-07-08 11:20:11] uvicorn.error:67 INFO    - Waiting for application shutdown.
[2025-07-08 11:20:11] uvicorn.error:76 INFO    - Application shutdown complete.
[2025-07-08 11:20:11] uvicorn.error:93 INFO    - Finished server process [12624]
[2025-07-08 11:20:13] uvicorn.error:55 WARNING - WatchFiles detected changes in 'logger\log_config.py'. Reloading...
[2025-07-08 11:20:17] uvicorn.error:55 WARNING - WatchFiles detected changes in 'logger\log_config.py'. Reloading...
[2025-07-08 11:20:25] uvicorn.error:55 WARNING - WatchFiles detected changes in 'logger\log_config.py'. Reloading...
[2025-07-08 11:21:52] uvicorn.error:55 WARNING - WatchFiles detected changes in 'logger\log_config.py'. Reloading...
